make all --print-data-base --no-builtin-variables --no-builtin-rules --question
# GNU Make 3.81
# Copyright (C) 2006  Free Software Foundation, Inc.
# This is free software; see the source for copying conditions.
# There is NO warranty; not even for MERCHANTABILITY or FITNESS FOR A
# PARTICULAR PURPOSE.

# This program built for i386-apple-darwin11.3.0
 

# Make data base, printed on Tue Jul 12 15:49:56 2022

# Variables

# automatic
<D = $(patsubst %/,%,$(dir $<))
# automatic
?F = $(notdir $?)
# makefile (from `Makefile', line 23)
COMFILE_FLAGS = -lreadline -L${HOME}/.brew/opt/readline/lib
# automatic
?D = $(patsubst %/,%,$(dir $?))
# automatic
@D = $(patsubst %/,%,$(dir $@))
# automatic
@F = $(notdir $@)
# makefile
CURDIR := /Users/yukim/Desktop/220712minishell/220712_보수공사
# makefile
SHELL = /bin/sh
# makefile (from `Makefile', line 19)
 
RM = rm -rf
# environment
VSCODE_NLS_CONFIG = {"locale":"en-us","availableLanguages":{},"_languagePackSupport":true}
# environment
_ = /usr/bin/make
# makefile (from `Makefile', line 20)
CFLAGS = -Wall -Wextra -Werror 
# makefile (from `Makefile', line 26)
AST_SRCS = ast/delete_astnode.c  ast/free_data_ast.c ast/init_ast.c ast/postorder_travel_ast.c ast/postorder_travel_command.c ast/tree_args.c ast/tree_cmd.c ast/tree_reds.c ast/tree_utils.c
# makefile (from `Makefile', line 1)
MAKEFILE_LIST :=  Makefile
# environment
VSCODE_NODE_CACHED_DATA_DIR = /Users/yukim/Library/Application Support/Code/CachedData/6ab598523be7a800d7f3eb4d92d7ab9a66069390
# makefile (from `Makefile', line 24)
OBJ_FLAGS = -I${HOME}/.brew/opt/readline/include
# environment
VERBOSE_LOGGING = true
# environment
VSCODE_LOGS = /Users/yukim/Library/Application Support/Code/logs/20220712T143917
# makefile (from `Makefile', line 61)
OBJS = $(MAIN_OBJS) $(AST_OBJS) $(BLT_OBJS) $(UTILS_OBJS)
# environment
VSCODE_IPC_HOOK_EXTHOST = /var/folders/zz/zyxvpxvq6csfxvn_n000cmhh003544/T/vscode-ipc-e36d2a30-71e6-4f5e-905e-dbd48617549c.sock
# makefile (from `Makefile', line 34)
UTILS_SRCS = utils/delete_linked_list.c utils/remove_ll_element.c utils/ft_bzero.c utils/ft_calloc.c utils/ft_error.c utils/ft_lstadd_back.c utils/ft_lstnew.c utils/ft_memset.c utils/ft_itoa.c utils/ft_minishell_atoi.c utils/ft_minishell_split.c utils/ft_split_str_util.c utils/ft_strchr.c utils/ft_strdup.c utils/ft_strjoin.c utils/ft_strlcat.c utils/ft_strlcpy.c utils/ft_strlen.c utils/ft_strncmp.c utils/ft_strnstr.c utils/ft_split.c utils/syntax_utils.c utils/ft_key_len.c utils/remove_quote.c utils/replace_env_utils.c utils/get_len_replaced_str.c utils/replace_env_to_value.c utils/ft_wordcount.c utils/ft_wordcount_utils.c utils/heredoc_utils.c utils/heredoc_utils_02.c utils/exec_utils.c utils/exec_utils_02.c utils/is_utils_01.c utils/is_utils_02.c 
# environment
PATH = /Users/yukim/.brew/bin:/Users/yukim/.brew/bin:/usr/local/bin:/usr/bin:/bin:/usr/sbin:/sbin:/usr/local/munki
# environment
LaunchInstanceID = DADCE411-CBD1-4D5B-8B21-137CA60F5EC3
# environment
VSCODE_LOG_STACK = false
# environment
ELECTRON_RUN_AS_NODE = 1
# default
.FEATURES := target-specific order-only second-expansion else-if archives jobserver check-symlink
# environment
SSH_AUTH_SOCK = /private/tmp/com.apple.launchd.2Vg6zMCkCw/Listeners
# automatic
%F = $(notdir $%)
# environment
PWD = /Users/yukim/Desktop/220712minishell/220712_보수공사
# environment
HOME = /Users/yukim
# default
MAKEFILEPATH := /Applications/Xcode.app/Contents/Developer/Makefiles
# makefile (from `Makefile', line 30)
BLT_SRCS = builtins/blt_cd.c builtins/blt_echo.c builtins/blt_env.c builtins/blt_exit.c builtins/blt_export.c builtins/blt_nanoshell.c builtins/blt_pwd.c builtins/blt_unset.c builtins/blt_utils.c
# environment
LOGNAME = yukim
# environment
APPLICATION_INSIGHTS_NO_DIAGNOSTIC_CHANNEL = true
# environment
VSCODE_HANDLES_UNCAUGHT_ERRORS = true
# automatic
^D = $(patsubst %/,%,$(dir $^))
# environment
XPC_FLAGS = 0x0
# default
MAKE = $(MAKE_COMMAND)
# default
MAKECMDGOALS := all
# environment
SHLVL = 1
# makefile (from `Makefile', line 18)
CC = gcc -g3 -fsanitize=address
# default
MAKE_VERSION := 3.81
# environment
AMD_ENTRYPOINT = vs/workbench/services/extensions/node/extensionHostProcess
# environment
USER = yukim
# makefile
.DEFAULT_GOAL := all
# makefile (from `Makefile', line 56)
MAIN_OBJS = $(MAIN_SRCS:.c=.o)
# makefile (from `Makefile', line 13)
NAME = minishell
# environment
PIPE_LOGGING = true
# automatic
%D = $(patsubst %/,%,$(dir $%))
# default
MAKE_COMMAND := /Applications/Xcode.app/Contents/Developer/usr/bin/make
# default
.VARIABLES := 
# environment
TMPDIR = /var/folders/zz/zyxvpxvq6csfxvn_n000cmhh003544/T/
# automatic
*F = $(notdir $*)
# environment
VSCODE_IPC_HOOK = /Users/yukim/Library/Application Support/Code/1.39.2-main.sock
# makefile
MAKEFLAGS = Rrqp
# environment
MFLAGS = -Rrqp
# automatic
*D = $(patsubst %/,%,$(dir $*))
# environment
XPC_SERVICE_NAME = com.apple.xpc.launchd.oneshot.0x1000000a.Electron
# automatic
+D = $(patsubst %/,%,$(dir $+))
# automatic
+F = $(notdir $+)
# makefile (from `Makefile', line 57)
AST_OBJS = $(AST_SRCS:.c=.o)
# environment
__CF_USER_TEXT_ENCODING = 0x19484:0x0:0x0
# environment
COMMAND_MODE = unix2003
# default
MAKEFILES := 
# automatic
<F = $(notdir $<)
# environment
LC_ALL = C
# environment
SECURITYSESSIONID = 186e9
# automatic
^F = $(notdir $^)
# makefile (from `Makefile', line 59)
UTILS_OBJS = $(UTILS_SRCS:.c=.o)
# default
SUFFIXES := 
# default
.INCLUDE_DIRS = /usr/local/include
# environment
MAKELEVEL := 0
# makefile (from `Makefile', line 50)
MAIN_SRCS = main.c init.c signal.c reset.c redirections.c heredoc.c token.c lexer.c syntax.c exec.c data.c env.c path.c quote_env.c 
# environment
LANG = C
# makefile (from `Makefile', line 58)
BLT_OBJS = $(BLT_SRCS:.c=.o)
# environment
VSCODE_PID = 22643
# variable set hash-table stats:
# Load=76/1024=7%, Rehash=0, Collisions=8/117=7%

# Pattern-specific Variable Values

# No pattern-specific variable values.

# Directories

# utils (device 16777225, inode 5944307): 68 files, no impossibilities so far.
# . (device 16777225, inode 5944256): 43 files, no impossibilities.
# ast (device 16777225, inode 5944263): 20 files, no impossibilities so far.
# builtins (device 16777225, inode 5944274): 20 files, no impossibilities so far.

# 151 files, no impossibilities in 4 directories.

# Implicit Rules

%.o: %.c
#  commands to execute (from `Makefile', line 69):
	$(CC) $(CFLAGS) $(OBJ_FLAGS) -c $< -o $@
	

# 1 implicit rules, 0 (0.0%) terminal.

# Files

# Not a target:
utils/ft_wordcount_utils.o:
#  Implicit rule search has not been done.
#  Modification time never checked.
 
#  File has not been updated.

ast/tree_cmd.o: ast/tree_cmd.c
#  Implicit rule search has been done.
#  Implicit/static pattern stem: `ast/tree_cmd'
#  Last modified 2022-07-12 15:43:41
#  File has been updated.
#  Successfully updated.
# variable set hash-table stats:
# Load=0/32=0%, Rehash=0, Collisions=0/0=0%
#  commands to execute (from `Makefile', line 69):
	$(CC) $(CFLAGS) $(OBJ_FLAGS) -c $< -o $@
	

# Not a target:
utils/ft_itoa.c:
#  Implicit rule search has been done.
#  Last modified 2022-07-12 12:54:05
#  File has been updated.
#  Successfully updated.
# variable set hash-table stats:
# Load=0/32=0%, Rehash=0, Collisions=0/0=0%

# Not a target:
utils/is_utils_02.o:
#  Implicit rule search has not been done.
#  Modification time never checked.
#  File has not been updated.

# Not a target:
utils/ft_strlen.c:
#  Implicit rule search has been done.
#  Last modified 2022-07-12 12:54:05
#  File has been updated.
#  Successfully updated.
# variable set hash-table stats:
# Load=0/32=0%, Rehash=0, Collisions=0/0=0%

# Not a target:
ast/postorder_travel_command.c:
#  Implicit rule search has been done.
#  Last modified 2022-07-12 12:54:05
#  File has been updated.
#  Successfully updated.
# variable set hash-table stats:
# Load=0/32=0%, Rehash=0, Collisions=0/0=0%

builtins/blt_pwd.o: builtins/blt_pwd.c
#  Implicit rule search has been done.
#  Implicit/static pattern stem: `builtins/blt_pwd'
#  Last modified 2022-07-12 15:43:41
#  File has been updated.
#  Successfully updated.
# variable set hash-table stats:
# Load=0/32=0%, Rehash=0, Collisions=0/0=0%
#  commands to execute (from `Makefile', line 69):
	$(CC) $(CFLAGS) $(OBJ_FLAGS) -c $< -o $@
	

data.o: data.c
#  Implicit rule search has been done.
#  Implicit/static pattern stem: `data'
#  Last modified 2022-07-12 15:43:40
#  File has been updated.
#  Successfully updated.
# variable set hash-table stats:
# Load=0/32=0%, Rehash=0, Collisions=0/0=0%
#  commands to execute (from `Makefile', line 69):
	$(CC) $(CFLAGS) $(OBJ_FLAGS) -c $< -o $@
	

# Not a target:
ast/delete_astnode.c:
#  Implicit rule search has been done.
#  Last modified 2022-07-12 12:54:05
#  File has been updated.
#  Successfully updated.
# variable set hash-table stats:
# Load=0/32=0%, Rehash=0, Collisions=0/0=0%

# Not a target:
builtins/blt_utils.c:
#  Implicit rule search has been done.
#  Last modified 2022-07-12 12:54:05
#  File has been updated.
#  Successfully updated.
# variable set hash-table stats:
# Load=0/32=0%, Rehash=0, Collisions=0/0=0%

builtins/blt_unset.o: builtins/blt_unset.c
#  Implicit rule search has been done.
#  Implicit/static pattern stem: `builtins/blt_unset'
#  Last modified 2022-07-12 15:43:41
#  File has been updated.
#  Successfully updated.
# variable set hash-table stats:
# Load=0/32=0%, Rehash=0, Collisions=0/0=0%
#  commands to execute (from `Makefile', line 69):
	$(CC) $(CFLAGS) $(OBJ_FLAGS) -c $< -o $@
	

# Not a target:
init.c:
#  Implicit rule search has been done.
#  Last modified 2022-07-12 12:54:05
#  File has been updated.
#  Successfully updated.
# variable set hash-table stats:
# Load=0/32=0%, Rehash=0, Collisions=0/0=0%

# Not a target:
utils/heredoc_utils_02.o:
#  Implicit rule search has not been done.
#  Modification time never checked.
#  File has not been updated.

# Not a target:
utils/delete_linked_list.c:
#  Implicit rule search has been done.
#  Last modified 2022-07-12 12:54:05
#  File has been updated.
#  Successfully updated.
# variable set hash-table stats:
# Load=0/32=0%, Rehash=0, Collisions=0/0=0%

all: minishell
#  Phony target (prerequisite of .PHONY).
#  Command-line target.
#  Implicit rule search has not been done.
#  File does not exist.
#  File has been updated.
#  Needs to be updated (-q is set).
# variable set hash-table stats:
# Load=0/32=0%, Rehash=0, Collisions=0/6=0%

# Not a target:
heredoc.c:
#  Implicit rule search has been done.
#  Last modified 2022-07-12 14:39:00
#  File has been updated.
#  Successfully updated.
# variable set hash-table stats:
# Load=0/32=0%, Rehash=0, Collisions=0/0=0%

utils/ft_calloc.o: utils/ft_calloc.c
#  Implicit rule search has been done.
#  Implicit/static pattern stem: `utils/ft_calloc'
#  Last modified 2022-07-12 15:43:42
#  File has been updated.
#  Successfully updated.
# variable set hash-table stats:
# Load=0/32=0%, Rehash=0, Collisions=0/0=0%
#  commands to execute (from `Makefile', line 69):
	$(CC) $(CFLAGS) $(OBJ_FLAGS) -c $< -o $@
	

utils/ft_minishell_split.o: utils/ft_minishell_split.c
#  Implicit rule search has been done.
#  Implicit/static pattern stem: `utils/ft_minishell_split'
#  Last modified 2022-07-12 15:43:42
#  File has been updated.
#  Successfully updated.
# variable set hash-table stats:
# Load=0/32=0%, Rehash=0, Collisions=0/0=0%
#  commands to execute (from `Makefile', line 69):
	$(CC) $(CFLAGS) $(OBJ_FLAGS) -c $< -o $@
	

.PHONY: all clean fclean re
#  Implicit rule search has not been done.
#  Modification time never checked.
#  File has not been updated.

# Not a target:
syntax.c:
#  Implicit rule search has been done.
#  Last modified 2022-07-12 14:39:00
#  File has been updated.
#  Successfully updated.
# variable set hash-table stats:
# Load=0/32=0%, Rehash=0, Collisions=0/0=0%

# Not a target:
utils/ft_split.c:
#  Implicit rule search has been done.
#  Last modified 2022-07-12 12:54:05
#  File has been updated.
#  Successfully updated.
# variable set hash-table stats:
# Load=0/32=0%, Rehash=0, Collisions=0/0=0%

# Not a target:
main.c:
#  Implicit rule search has been done.
#  Last modified 2022-07-12 14:39:00
#  File has been updated.
#  Successfully updated.
# variable set hash-table stats:
# Load=0/32=0%, Rehash=0, Collisions=0/0=0%

builtins/blt_nanoshell.o: builtins/blt_nanoshell.c
#  Implicit rule search has been done.
#  Implicit/static pattern stem: `builtins/blt_nanoshell'
#  Last modified 2022-07-12 15:43:41
#  File has been updated.
#  Successfully updated.
# variable set hash-table stats:
# Load=0/32=0%, Rehash=0, Collisions=0/0=0%
#  commands to execute (from `Makefile', line 69):
	$(CC) $(CFLAGS) $(OBJ_FLAGS) -c $< -o $@
	

# Not a target:
utils/replace_env_utils.o:
#  Implicit rule search has not been done.
#  Modification time never checked.
#  File has not been updated.

# Not a target:
utils/ft_minishell_atoi.c:
#  Implicit rule search has been done.
#  Last modified 2022-07-12 12:54:05
#  File has been updated.
#  Successfully updated.
# variable set hash-table stats:
# Load=0/32=0%, Rehash=0, Collisions=0/0=0%

ast/tree_args.o: ast/tree_args.c
#  Implicit rule search has been done.
#  Implicit/static pattern stem: `ast/tree_args'
#  Last modified 2022-07-12 15:43:41
#  File has been updated.
#  Successfully updated.
# variable set hash-table stats:
# Load=0/32=0%, Rehash=0, Collisions=0/0=0%
#  commands to execute (from `Makefile', line 69):
	$(CC) $(CFLAGS) $(OBJ_FLAGS) -c $< -o $@
	

# Not a target:
path.c:
#  Implicit rule search has been done.
#  Last modified 2022-07-12 12:54:05
#  File has been updated.
#  Successfully updated.
# variable set hash-table stats:
# Load=0/32=0%, Rehash=0, Collisions=0/0=0%

# Not a target:
utils/ft_strlcat.c:
#  Implicit rule search has been done.
#  Last modified 2022-07-12 12:54:05
#  File has been updated.
#  Successfully updated.
# variable set hash-table stats:
# Load=0/32=0%, Rehash=0, Collisions=0/0=0%

ast/tree_utils.o: ast/tree_utils.c
#  Implicit rule search has been done.
#  Implicit/static pattern stem: `ast/tree_utils'
#  Last modified 2022-07-12 15:43:41
#  File has been updated.
#  Successfully updated.
# variable set hash-table stats:
# Load=0/32=0%, Rehash=0, Collisions=0/0=0%
#  commands to execute (from `Makefile', line 69):
	$(CC) $(CFLAGS) $(OBJ_FLAGS) -c $< -o $@
	

# Not a target:
utils/replace_env_to_value.o:
#  Implicit rule search has not been done.
#  Modification time never checked.
#  File has not been updated.

# Not a target:
lexer.c:
#  Implicit rule search has been done.
#  Last modified 2022-07-12 12:54:05
#  File has been updated.
#  Successfully updated.
# variable set hash-table stats:
# Load=0/32=0%, Rehash=0, Collisions=0/0=0%

utils/remove_quote.o: utils/remove_quote.c
 
#  Implicit rule search has been done.
#  Implicit/static pattern stem: `utils/remove_quote'
#  Last modified 2022-07-12 15:43:43
#  File has been updated.
#  Needs to be updated (-q is set).
# automatic
# @ := utils/remove_quote.o
# automatic
# % := 
# automatic
# * := utils/remove_quote
# automatic
# + := utils/remove_quote.c
# automatic
# | := 
# automatic
# < := utils/remove_quote.c
# automatic
# ^ := utils/remove_quote.c
# automatic
# ? := utils/remove_quote.c
# variable set hash-table stats:
# Load=8/32=25%, Rehash=0, Collisions=4/16=25%
#  commands to execute (from `Makefile', line 69):
	$(CC) $(CFLAGS) $(OBJ_FLAGS) -c $< -o $@
	

# Not a target:
utils/ft_bzero.c:
#  Implicit rule search has been done.
#  Last modified 2022-07-12 12:54:05
#  File has been updated.
#  Successfully updated.
# variable set hash-table stats:
# Load=0/32=0%, Rehash=0, Collisions=0/0=0%

utils/ft_strlcpy.o: utils/ft_strlcpy.c
#  Implicit rule search has been done.
#  Implicit/static pattern stem: `utils/ft_strlcpy'
#  Last modified 2022-07-12 15:43:42
#  File has been updated.
#  Successfully updated.
# variable set hash-table stats:
# Load=0/32=0%, Rehash=0, Collisions=0/0=0%
#  commands to execute (from `Makefile', line 69):
	$(CC) $(CFLAGS) $(OBJ_FLAGS) -c $< -o $@
	

# Not a target:
exec.c:
#  Implicit rule search has been done.
#  Last modified 2022-07-12 14:39:00
#  File has been updated.
#  Successfully updated.
# variable set hash-table stats:
# Load=0/32=0%, Rehash=0, Collisions=0/0=0%

# Not a target:
.SUFFIXES:
#  Implicit rule search has not been done.
#  Modification time never checked.
#  File has not been updated.

utils/ft_strncmp.o: utils/ft_strncmp.c
#  Implicit rule search has been done.
#  Implicit/static pattern stem: `utils/ft_strncmp'
#  Last modified 2022-07-12 15:43:42
#  File has been updated.
#  Successfully updated.
# variable set hash-table stats:
# Load=0/32=0%, Rehash=0, Collisions=0/0=0%
#  commands to execute (from `Makefile', line 69):
	$(CC) $(CFLAGS) $(OBJ_FLAGS) -c $< -o $@
	

# Not a target:
Makefile:
#  Implicit rule search has been done.
#  Last modified 2022-07-12 15:49:55
#  File has been updated.
#  Successfully updated.
# variable set hash-table stats:
# Load=0/32=0%, Rehash=0, Collisions=0/0=0%

# Not a target:
utils/ft_memset.c:
#  Implicit rule search has been done.
#  Last modified 2022-07-12 12:54:05
#  File has been updated.
#  Successfully updated.
# variable set hash-table stats:
# Load=0/32=0%, Rehash=0, Collisions=0/0=0%

# Not a target:
signal.c:
#  Implicit rule search has been done.
#  Last modified 2022-07-12 14:39:00
#  File has been updated.
#  Successfully updated.
# variable set hash-table stats:
# Load=0/32=0%, Rehash=0, Collisions=0/0=0%

# Not a target:
quote_env.c:
#  Implicit rule search has been done.
#  Last modified 2022-07-12 14:39:00
#  File has been updated.
#  Successfully updated.
# variable set hash-table stats:
# Load=0/32=0%, Rehash=0, Collisions=0/0=0%

utils/ft_strdup.o: utils/ft_strdup.c
#  Implicit rule search has been done.
#  Implicit/static pattern stem: `utils/ft_strdup'
#  Last modified 2022-07-12 15:43:42
#  File has been updated.
#  Successfully updated.
# variable set hash-table stats:
# Load=0/32=0%, Rehash=0, Collisions=0/0=0%
#  commands to execute (from `Makefile', line 69):
	$(CC) $(CFLAGS) $(OBJ_FLAGS) -c $< -o $@
	

# Not a target:
env.c:
#  Implicit rule search has been done.
#  Last modified 2022-07-12 14:39:00
#  File has been updated.
#  Successfully updated.
# variable set hash-table stats:
# Load=0/32=0%, Rehash=0, Collisions=0/0=0%

utils/ft_strchr.o: utils/ft_strchr.c
#  Implicit rule search has been done.
#  Implicit/static pattern stem: `utils/ft_strchr'
#  Last modified 2022-07-12 15:43:42
#  File has been updated.
#  Successfully updated.
# variable set hash-table stats:
# Load=0/32=0%, Rehash=0, Collisions=0/0=0%
#  commands to execute (from `Makefile', line 69):
	$(CC) $(CFLAGS) $(OBJ_FLAGS) -c $< -o $@
	

# Not a target:
ast/tree_cmd.c:
#  Implicit rule search has been done.
#  Last modified 2022-07-12 12:54:05
#  File has been updated.
#  Successfully updated.
# variable set hash-table stats:
# Load=0/32=0%, Rehash=0, Collisions=0/0=0%

# Not a target:
utils/ft_wordcount.o:
#  Implicit rule search has not been done.
#  Modification time never checked.
#  File has not been updated.

quote_env.o: quote_env.c
#  Implicit rule search has been done.
#  Implicit/static pattern stem: `quote_env'
#  Last modified 2022-07-12 15:43:40
#  File has been updated.
#  Successfully updated.
# variable set hash-table stats:
# Load=0/32=0%, Rehash=0, Collisions=0/0=0%
#  commands to execute (from `Makefile', line 69):
	$(CC) $(CFLAGS) $(OBJ_FLAGS) -c $< -o $@
	

builtins/blt_cd.o: builtins/blt_cd.c
#  Implicit rule search has been done.
#  Implicit/static pattern stem: `builtins/blt_cd'
#  Last modified 2022-07-12 15:43:41
#  File has been updated.
#  Successfully updated.
# variable set hash-table stats:
# Load=0/32=0%, Rehash=0, Collisions=0/0=0%
#  commands to execute (from `Makefile', line 69):
	$(CC) $(CFLAGS) $(OBJ_FLAGS) -c $< -o $@
	

# Not a target:
builtins/blt_pwd.c:
#  Implicit rule search has been done.
#  Last modified 2022-07-12 12:54:05
#  File has been updated.
#  Successfully updated.
# variable set hash-table stats:
# Load=0/32=0%, Rehash=0, Collisions=0/0=0%

# Not a target:
data.c:
#  Implicit rule search has been done.
#  Last modified 2022-07-12 12:54:05
#  File has been updated.
#  Successfully updated.
# variable set hash-table stats:
# Load=0/32=0%, Rehash=0, Collisions=0/0=0%

utils/ft_strnstr.o: utils/ft_strnstr.c
#  Implicit rule search has been done.
#  Implicit/static pattern stem: `utils/ft_strnstr'
#  Last modified 2022-07-12 15:43:42
#  File has been updated.
#  Successfully updated.
# variable set hash-table stats:
# Load=0/32=0%, Rehash=0, Collisions=0/0=0%
#  commands to execute (from `Makefile', line 69):
	$(CC) $(CFLAGS) $(OBJ_FLAGS) -c $< -o $@
	

redirections.o: redirections.c
#  Implicit rule search has been done.
#  Implicit/static pattern stem: `redirections'
#  Last modified 2022-07-12 15:43:40
#  File has been updated.
#  Successfully updated.
# variable set hash-table stats:
# Load=0/32=0%, Rehash=0, Collisions=0/0=0%
#  commands to execute (from `Makefile', line 69):
	$(CC) $(CFLAGS) $(OBJ_FLAGS) -c $< -o $@
	

minishell: main.o init.o signal.o reset.o redirections.o heredoc.o token.o lexer.o syntax.o exec.o data.o env.o path.o quote_env.o ast/delete_astnode.o ast/free_data_ast.o ast/init_ast.o ast/postorder_travel_ast.o ast/postorder_travel_command.o ast/tree_args.o ast/tree_cmd.o ast/tree_reds.o ast/tree_utils.o builtins/blt_cd.o builtins/blt_echo.o builtins/blt_env.o builtins/blt_exit.o builtins/blt_export.o builtins/blt_nanoshell.o builtins/blt_pwd.o builtins/blt_unset.o builtins/blt_utils.o utils/delete_linked_list.o utils/remove_ll_element.o utils/ft_bzero.o utils/ft_calloc.o utils/ft_error.o utils/ft_lstadd_back.o utils/ft_lstnew.o utils/ft_memset.o utils/ft_itoa.o utils/ft_minishell_atoi.o utils/ft_minishell_split.o utils/ft_split_str_util.o utils/ft_strchr.o utils/ft_strdup.o utils/ft_strjoin.o utils/ft_strlcat.o utils/ft_strlcpy.o utils/ft_strlen.o utils/ft_strncmp.o utils/ft_strnstr.o utils/ft_split.o utils/syntax_utils.o utils/ft_key_len.o utils/remove_quote.o utils/replace_env_utils.o utils/get_len_replaced_str.o utils/replace_env_to_value.o utils/ft_wordcount.o utils/ft_wordcount_utils.o utils/heredoc_utils.o utils/heredoc_utils_02.o utils/exec_utils.o utils/exec_utils_02.o utils/is_utils_01.o utils/is_utils_02.o
#  Implicit rule search has not been done.
#  Last modified 2022-07-12 15:43:43
#  File has been updated.
#  Needs to be updated (-q is set).
# variable set hash-table stats:
# Load=0/32=0%, Rehash=0, Collisions=0/6=0%
#  commands to execute (from `Makefile', line 66):
	$(CC) $(CFLAGS) $(COMFILE_FLAGS) $(OBJS) -o $(NAME) 
	

# Not a target:
builtins/blt_unset.c:
#  Implicit rule search has been done.
#  Last modified 2022-07-12 14:39:00
#  File has been updated.
#  Successfully updated.
# variable set hash-table stats:
# Load=0/32=0%, Rehash=0, Collisions=0/0=0%

token.o: token.c
 
#  Implicit rule search has been done.
#  Implicit/static pattern stem: `token'
#  Last modified 2022-07-12 15:43:40
#  File has been updated.
#  Successfully updated.
# variable set hash-table stats:
# Load=0/32=0%, Rehash=0, Collisions=0/0=0%
#  commands to execute (from `Makefile', line 69):
	$(CC) $(CFLAGS) $(OBJ_FLAGS) -c $< -o $@
	

# Not a target:
utils/ft_calloc.c:
#  Implicit rule search has been done.
#  Last modified 2022-07-12 12:54:05
#  File has been updated.
#  Successfully updated.
# variable set hash-table stats:
# Load=0/32=0%, Rehash=0, Collisions=0/0=0%

# Not a target:
utils/ft_minishell_split.c:
#  Implicit rule search has been done.
#  Last modified 2022-07-12 12:54:05
#  File has been updated.
#  Successfully updated.
# variable set hash-table stats:
# Load=0/32=0%, Rehash=0, Collisions=0/0=0%

fclean: clean
#  Phony target (prerequisite of .PHONY).
#  Implicit rule search has not been done.
#  File does not exist.
#  File has not been updated.
#  commands to execute (from `Makefile', line 75):
	$(RM) $(NAME)
	

utils/syntax_utils.o: utils/syntax_utils.c
#  Implicit rule search has been done.
#  Implicit/static pattern stem: `utils/syntax_utils'
#  Last modified 2022-07-12 15:43:43
#  File has been updated.
#  Successfully updated.
# variable set hash-table stats:
# Load=0/32=0%, Rehash=0, Collisions=0/0=0%
#  commands to execute (from `Makefile', line 69):
	$(CC) $(CFLAGS) $(OBJ_FLAGS) -c $< -o $@
	

# Not a target:
builtins/blt_exit.c:
#  Implicit rule search has been done.
#  Last modified 2022-07-12 12:54:05
#  File has been updated.
#  Successfully updated.
# variable set hash-table stats:
# Load=0/32=0%, Rehash=0, Collisions=0/0=0%

# Not a target:
utils/get_len_replaced_str.o:
#  Implicit rule search has not been done.
#  Modification time never checked.
#  File has not been updated.

# Not a target:
utils/ft_strnstr.c:
#  Implicit rule search has been done.
#  Last modified 2022-07-12 12:54:05
#  File has been updated.
#  Successfully updated.
# variable set hash-table stats:
# Load=0/32=0%, Rehash=0, Collisions=0/0=0%

# Not a target:
builtins/blt_nanoshell.c:
#  Implicit rule search has been done.
#  Last modified 2022-07-12 12:54:05
#  File has been updated.
#  Successfully updated.
# variable set hash-table stats:
# Load=0/32=0%, Rehash=0, Collisions=0/0=0%

utils/ft_key_len.o: utils/ft_key_len.c
#  Implicit rule search has been done.
#  Implicit/static pattern stem: `utils/ft_key_len'
#  Last modified 2022-07-12 15:43:43
#  File has been updated.
#  Successfully updated.
# variable set hash-table stats:
# Load=0/32=0%, Rehash=0, Collisions=0/0=0%
#  commands to execute (from `Makefile', line 69):
	$(CC) $(CFLAGS) $(OBJ_FLAGS) -c $< -o $@
	

# Not a target:
ast/tree_args.c:
#  Implicit rule search has been done.
#  Last modified 2022-07-12 12:54:05
#  File has been updated.
#  Successfully updated.
# variable set hash-table stats:
# Load=0/32=0%, Rehash=0, Collisions=0/0=0%

ast/init_ast.o: ast/init_ast.c
#  Implicit rule search has been done.
#  Implicit/static pattern stem: `ast/init_ast'
#  Last modified 2022-07-12 15:43:41
#  File has been updated.
#  Successfully updated.
# variable set hash-table stats:
# Load=0/32=0%, Rehash=0, Collisions=0/0=0%
#  commands to execute (from `Makefile', line 69):
	$(CC) $(CFLAGS) $(OBJ_FLAGS) -c $< -o $@
	

builtins/blt_exit.o: builtins/blt_exit.c
#  Implicit rule search has been done.
#  Implicit/static pattern stem: `builtins/blt_exit'
#  Last modified 2022-07-12 15:43:41
#  File has been updated.
#  Successfully updated.
# variable set hash-table stats:
# Load=0/32=0%, Rehash=0, Collisions=0/0=0%
#  commands to execute (from `Makefile', line 69):
	$(CC) $(CFLAGS) $(OBJ_FLAGS) -c $< -o $@
	

utils/ft_error.o: utils/ft_error.c
#  Implicit rule search has been done.
#  Implicit/static pattern stem: `utils/ft_error'
#  Last modified 2022-07-12 15:43:42
#  File has been updated.
#  Successfully updated.
# variable set hash-table stats:
# Load=0/32=0%, Rehash=0, Collisions=0/0=0%
#  commands to execute (from `Makefile', line 69):
	$(CC) $(CFLAGS) $(OBJ_FLAGS) -c $< -o $@
	

# Not a target:
ast/tree_utils.c:
#  Implicit rule search has been done.
#  Last modified 2022-07-12 12:54:05
#  File has been updated.
#  Successfully updated.
# variable set hash-table stats:
# Load=0/32=0%, Rehash=0, Collisions=0/0=0%

# Not a target:
utils/remove_quote.c:
#  Implicit rule search has been done.
#  Last modified 2022-07-12 15:47:47
#  File has been updated.
#  Successfully updated.
# variable set hash-table stats:
# Load=0/32=0%, Rehash=0, Collisions=0/0=0%

utils/ft_lstadd_back.o: utils/ft_lstadd_back.c
#  Implicit rule search has been done.
#  Implicit/static pattern stem: `utils/ft_lstadd_back'
#  Last modified 2022-07-12 15:43:42
#  File has been updated.
#  Successfully updated.
# variable set hash-table stats:
# Load=0/32=0%, Rehash=0, Collisions=0/0=0%
#  commands to execute (from `Makefile', line 69):
	$(CC) $(CFLAGS) $(OBJ_FLAGS) -c $< -o $@
	

# Not a target:
utils/ft_strlcpy.c:
#  Implicit rule search has been done.
#  Last modified 2022-07-12 12:54:05
#  File has been updated.
#  Successfully updated.
# variable set hash-table stats:
# Load=0/32=0%, Rehash=0, Collisions=0/0=0%

# Not a target:
.DEFAULT:
#  Implicit rule search has not been done.
#  Modification time never checked.
#  File has not been updated.

utils/ft_split_str_util.o: utils/ft_split_str_util.c
#  Implicit rule search has been done.
#  Implicit/static pattern stem: `utils/ft_split_str_util'
#  Last modified 2022-07-12 15:43:42
#  File has been updated.
#  Successfully updated.
# variable set hash-table stats:
# Load=0/32=0%, Rehash=0, Collisions=0/0=0%
#  commands to execute (from `Makefile', line 69):
	$(CC) $(CFLAGS) $(OBJ_FLAGS) -c $< -o $@
	

builtins/blt_echo.o: builtins/blt_echo.c
#  Implicit rule search has been done.
#  Implicit/static pattern stem: `builtins/blt_echo'
#  Last modified 2022-07-12 15:43:41
#  File has been updated.
#  Successfully updated.
# variable set hash-table stats:
# Load=0/32=0%, Rehash=0, Collisions=0/0=0%
#  commands to execute (from `Makefile', line 69):
	$(CC) $(CFLAGS) $(OBJ_FLAGS) -c $< -o $@
	

# Not a target:
utils/ft_strncmp.c:
#  Implicit rule search has been done.
#  Last modified 2022-07-12 12:54:05
#  File has been updated.
#  Successfully updated.
# variable set hash-table stats:
# Load=0/32=0%, Rehash=0, Collisions=0/0=0%

utils/remove_ll_element.o: utils/remove_ll_element.c
#  Implicit rule search has been done.
#  Implicit/static pattern stem: `utils/remove_ll_element'
#  Last modified 2022-07-12 15:43:42
#  File has been updated.
#  Successfully updated.
# variable set hash-table stats:
# Load=0/32=0%, Rehash=0, Collisions=0/0=0%
#  commands to execute (from `Makefile', line 69):
	$(CC) $(CFLAGS) $(OBJ_FLAGS) -c $< -o $@
	

# Not a target:
utils/exec_utils.o:
#  Implicit rule search has not been done.
#  Modification time never checked.
#  File has not been updated.

reset.o: reset.c
#  Implicit rule search has been done.
#  Implicit/static pattern stem: `reset'
#  Last modified 2022-07-12 15:43:40
#  File has been updated.
#  Successfully updated.
# variable set hash-table stats:
# Load=0/32=0%, Rehash=0, Collisions=0/0=0%
#  commands to execute (from `Makefile', line 69):
	$(CC) $(CFLAGS) $(OBJ_FLAGS) -c $< -o $@
	

# Not a target:
utils/ft_lstnew.c:
#  Implicit rule search has been done.
#  Last modified 2022-07-12 12:54:05
#  File has been updated.
#  Successfully updated.
# variable set hash-table stats:
# Load=0/32=0%, Rehash=0, Collisions=0/0=0%

builtins/blt_export.o: builtins/blt_export.c
#  Implicit rule search has been done.
#  Implicit/static pattern stem: `builtins/blt_export'
#  Last modified 2022-07-12 15:43:41
#  File has been updated.
#  Successfully updated.
# variable set hash-table stats:
# Load=0/32=0%, Rehash=0, Collisions=0/0=0%
#  commands to execute (from `Makefile', line 69):
	$(CC) $(CFLAGS) $(OBJ_FLAGS) -c $< -o $@
	

re: fclean all
#  Phony target (prerequisite of .PHONY).
#  Implicit rule search has not been done.
#  File does not exist.
#  File has not been updated.

utils/ft_itoa.o: utils/ft_itoa.c
 
#  Implicit rule search has been done.
#  Implicit/static pattern stem: `utils/ft_itoa'
#  Last modified 2022-07-12 15:43:42
#  File has been updated.
#  Successfully updated.
# variable set hash-table stats:
# Load=0/32=0%, Rehash=0, Collisions=0/0=0%
#  commands to execute (from `Makefile', line 69):
	$(CC) $(CFLAGS) $(OBJ_FLAGS) -c $< -o $@
	

# Not a target:
utils/ft_strdup.c:
#  Implicit rule search has been done.
#  Last modified 2022-07-12 12:54:05
#  File has been updated.
#  Successfully updated.
# variable set hash-table stats:
# Load=0/32=0%, Rehash=0, Collisions=0/0=0%

utils/ft_strlen.o: utils/ft_strlen.c
#  Implicit rule search has been done.
#  Implicit/static pattern stem: `utils/ft_strlen'
#  Last modified 2022-07-12 15:43:42
#  File has been updated.
#  Successfully updated.
# variable set hash-table stats:
# Load=0/32=0%, Rehash=0, Collisions=0/0=0%
#  commands to execute (from `Makefile', line 69):
	$(CC) $(CFLAGS) $(OBJ_FLAGS) -c $< -o $@
	

clean:
#  Phony target (prerequisite of .PHONY).
#  Implicit rule search has not been done.
#  File does not exist.
#  File has not been updated.
#  commands to execute (from `Makefile', line 72):
	$(RM) $(OBJS) 
	

ast/postorder_travel_command.o: ast/postorder_travel_command.c
#  Implicit rule search has been done.
#  Implicit/static pattern stem: `ast/postorder_travel_command'
#  Last modified 2022-07-12 15:43:41
#  File has been updated.
#  Successfully updated.
# variable set hash-table stats:
# Load=0/32=0%, Rehash=0, Collisions=0/0=0%
#  commands to execute (from `Makefile', line 69):
	$(CC) $(CFLAGS) $(OBJ_FLAGS) -c $< -o $@
	

utils/ft_lstnew.o: utils/ft_lstnew.c
#  Implicit rule search has been done.
#  Implicit/static pattern stem: `utils/ft_lstnew'
#  Last modified 2022-07-12 15:43:42
#  File has been updated.
#  Successfully updated.
# variable set hash-table stats:
# Load=0/32=0%, Rehash=0, Collisions=0/0=0%
#  commands to execute (from `Makefile', line 69):
	$(CC) $(CFLAGS) $(OBJ_FLAGS) -c $< -o $@
	

# Not a target:
utils/ft_strchr.c:
#  Implicit rule search has been done.
#  Last modified 2022-07-12 12:54:05
#  File has been updated.
#  Successfully updated.
# variable set hash-table stats:
# Load=0/32=0%, Rehash=0, Collisions=0/0=0%

ast/delete_astnode.o: ast/delete_astnode.c
#  Implicit rule search has been done.
#  Implicit/static pattern stem: `ast/delete_astnode'
#  Last modified 2022-07-12 15:43:41
#  File has been updated.
#  Successfully updated.
# variable set hash-table stats:
# Load=0/32=0%, Rehash=0, Collisions=0/0=0%
#  commands to execute (from `Makefile', line 69):
	$(CC) $(CFLAGS) $(OBJ_FLAGS) -c $< -o $@
	

# Not a target:
builtins/blt_cd.c:
#  Implicit rule search has been done.
#  Last modified 2022-07-12 14:39:00
#  File has been updated.
#  Successfully updated.
# variable set hash-table stats:
# Load=0/32=0%, Rehash=0, Collisions=0/0=0%

builtins/blt_utils.o: builtins/blt_utils.c
#  Implicit rule search has been done.
#  Implicit/static pattern stem: `builtins/blt_utils'
#  Last modified 2022-07-12 15:43:41
#  File has been updated.
#  Successfully updated.
# variable set hash-table stats:
# Load=0/32=0%, Rehash=0, Collisions=0/0=0%
#  commands to execute (from `Makefile', line 69):
	$(CC) $(CFLAGS) $(OBJ_FLAGS) -c $< -o $@
	

# Not a target:
ast/tree_reds.c:
#  Implicit rule search has been done.
#  Last modified 2022-07-12 12:54:05
#  File has been updated.
#  Successfully updated.
# variable set hash-table stats:
# Load=0/32=0%, Rehash=0, Collisions=0/0=0%

# Not a target:
utils/ft_key_len.c:
#  Implicit rule search has been done.
#  Last modified 2022-07-12 12:54:05
#  File has been updated.
#  Successfully updated.
# variable set hash-table stats:
# Load=0/32=0%, Rehash=0, Collisions=0/0=0%

utils/ft_memset.o: utils/ft_memset.c
#  Implicit rule search has been done.
#  Implicit/static pattern stem: `utils/ft_memset'
#  Last modified 2022-07-12 15:43:42
#  File has been updated.
#  Successfully updated.
# variable set hash-table stats:
# Load=0/32=0%, Rehash=0, Collisions=0/0=0%
#  commands to execute (from `Makefile', line 69):
	$(CC) $(CFLAGS) $(OBJ_FLAGS) -c $< -o $@
	

init.o: init.c
#  Implicit rule search has been done.
#  Implicit/static pattern stem: `init'
#  Last modified 2022-07-12 15:43:40
#  File has been updated.
#  Successfully updated.
# variable set hash-table stats:
# Load=0/32=0%, Rehash=0, Collisions=0/0=0%
#  commands to execute (from `Makefile', line 69):
	$(CC) $(CFLAGS) $(OBJ_FLAGS) -c $< -o $@
	

utils/delete_linked_list.o: utils/delete_linked_list.c
#  Implicit rule search has been done.
#  Implicit/static pattern stem: `utils/delete_linked_list'
#  Last modified 2022-07-12 15:43:41
#  File has been updated.
#  Successfully updated.
# variable set hash-table stats:
# Load=0/32=0%, Rehash=0, Collisions=0/0=0%
#  commands to execute (from `Makefile', line 69):
	$(CC) $(CFLAGS) $(OBJ_FLAGS) -c $< -o $@
	

ast/postorder_travel_ast.o: ast/postorder_travel_ast.c
#  Implicit rule search has been done.
#  Implicit/static pattern stem: `ast/postorder_travel_ast'
#  Last modified 2022-07-12 15:43:41
#  File has been updated.
#  Successfully updated.
# variable set hash-table stats:
# Load=0/32=0%, Rehash=0, Collisions=0/0=0%
#  commands to execute (from `Makefile', line 69):
	$(CC) $(CFLAGS) $(OBJ_FLAGS) -c $< -o $@
	

heredoc.o: heredoc.c
#  Implicit rule search has been done.
#  Implicit/static pattern stem: `heredoc'
#  Last modified 2022-07-12 15:43:40
#  File has been updated.
#  Successfully updated.
# variable set hash-table stats:
# Load=0/32=0%, Rehash=0, Collisions=0/0=0%
#  commands to execute (from `Makefile', line 69):
	$(CC) $(CFLAGS) $(OBJ_FLAGS) -c $< -o $@
	

# Not a target:
redirections.c:
#  Implicit rule search has been done.
#  Last modified 2022-07-12 12:54:05
#  File has been updated.
#  Successfully updated.
# variable set hash-table stats:
# Load=0/32=0%, Rehash=0, Collisions=0/0=0%

# Not a target:
ast/postorder_travel_ast.c:
#  Implicit rule search has been done.
#  Last modified 2022-07-12 12:54:05
#  File has been updated.
#  Successfully updated.
# variable set hash-table stats:
# Load=0/32=0%, Rehash=0, Collisions=0/0=0%

# Not a target:
token.c:
#  Implicit rule search has been done.
#  Last modified 2022-07-12 14:44:35
#  File has been updated.
#  Successfully updated.
# variable set hash-table stats:
# Load=0/32=0%, Rehash=0, Collisions=0/0=0%

syntax.o: syntax.c
#  Implicit rule search has been done.
#  Implicit/static pattern stem: `syntax'
#  Last modified 2022-07-12 15:43:40
#  File has been updated.
#  Successfully updated.
# variable set hash-table stats:
# Load=0/32=0%, Rehash=0, Collisions=0/0=0%
#  commands to execute (from `Makefile', line 69):
	$(CC) $(CFLAGS) $(OBJ_FLAGS) -c $< -o $@
	

utils/ft_split.o: utils/ft_split.c
#  Implicit rule search has been done.
#  Implicit/static pattern stem: `utils/ft_split'
#  Last modified 2022-07-12 15:43:42
#  File has been updated.
#  Successfully updated.
# variable set hash-table stats:
# Load=0/32=0%, Rehash=0, Collisions=0/0=0%
#  commands to execute (from `Makefile', line 69):
	$(CC) $(CFLAGS) $(OBJ_FLAGS) -c $< -o $@
	

# Not a target:
builtins/blt_env.c:
#  Implicit rule search has been done.
#  Last modified 2022-07-12 12:54:05
#  File has been updated.
#  Successfully updated.
# variable set hash-table stats:
# Load=0/32=0%, Rehash=0, Collisions=0/0=0%

main.o: main.c
#  Implicit rule search has been done.
#  Implicit/static pattern stem: `main'
#  Last modified 2022-07-12 15:43:40
#  File has been updated.
#  Successfully updated.
# variable set hash-table stats:
# Load=0/32=0%, Rehash=0, Collisions=0/0=0%
#  commands to execute (from `Makefile', line 69):
	$(CC) $(CFLAGS) $(OBJ_FLAGS) -c $< -o $@
	

# Not a target:
utils/heredoc_utils.o:
#  Implicit rule search has not been done.
#  Modification time never checked.
#  File has not been updated.

# Not a target:
utils/syntax_utils.c:
#  Implicit rule search has been done.
#  Last modified 2022-07-12 12:54:05
#  File has been updated.
#  Successfully updated.
# variable set hash-table stats:
# Load=0/32=0%, Rehash=0, Collisions=0/0=0%

 
utils/ft_minishell_atoi.o: utils/ft_minishell_atoi.c
#  Implicit rule search has been done.
#  Implicit/static pattern stem: `utils/ft_minishell_atoi'
#  Last modified 2022-07-12 15:43:42
#  File has been updated.
#  Successfully updated.
# variable set hash-table stats:
# Load=0/32=0%, Rehash=0, Collisions=0/0=0%
#  commands to execute (from `Makefile', line 69):
	$(CC) $(CFLAGS) $(OBJ_FLAGS) -c $< -o $@
	

path.o: path.c
#  Implicit rule search has been done.
#  Implicit/static pattern stem: `path'
#  Last modified 2022-07-12 15:43:40
#  File has been updated.
#  Successfully updated.
# variable set hash-table stats:
# Load=0/32=0%, Rehash=0, Collisions=0/0=0%
#  commands to execute (from `Makefile', line 69):
	$(CC) $(CFLAGS) $(OBJ_FLAGS) -c $< -o $@
	

utils/ft_strlcat.o: utils/ft_strlcat.c
#  Implicit rule search has been done.
#  Implicit/static pattern stem: `utils/ft_strlcat'
#  Last modified 2022-07-12 15:43:42
#  File has been updated.
#  Successfully updated.
# variable set hash-table stats:
# Load=0/32=0%, Rehash=0, Collisions=0/0=0%
#  commands to execute (from `Makefile', line 69):
	$(CC) $(CFLAGS) $(OBJ_FLAGS) -c $< -o $@
	

ast/tree_reds.o: ast/tree_reds.c
#  Implicit rule search has been done.
#  Implicit/static pattern stem: `ast/tree_reds'
#  Last modified 2022-07-12 15:43:41
#  File has been updated.
#  Successfully updated.
# variable set hash-table stats:
# Load=0/32=0%, Rehash=0, Collisions=0/0=0%
#  commands to execute (from `Makefile', line 69):
	$(CC) $(CFLAGS) $(OBJ_FLAGS) -c $< -o $@
	

lexer.o: lexer.c
#  Implicit rule search has been done.
#  Implicit/static pattern stem: `lexer'
#  Last modified 2022-07-12 15:43:40
#  File has been updated.
#  Successfully updated.
# variable set hash-table stats:
# Load=0/32=0%, Rehash=0, Collisions=0/0=0%
#  commands to execute (from `Makefile', line 69):
	$(CC) $(CFLAGS) $(OBJ_FLAGS) -c $< -o $@
	

ast/free_data_ast.o: ast/free_data_ast.c
#  Implicit rule search has been done.
#  Implicit/static pattern stem: `ast/free_data_ast'
#  Last modified 2022-07-12 15:43:41
#  File has been updated.
#  Successfully updated.
# variable set hash-table stats:
# Load=0/32=0%, Rehash=0, Collisions=0/0=0%
#  commands to execute (from `Makefile', line 69):
	$(CC) $(CFLAGS) $(OBJ_FLAGS) -c $< -o $@
	

utils/ft_bzero.o: utils/ft_bzero.c
#  Implicit rule search has been done.
#  Implicit/static pattern stem: `utils/ft_bzero'
#  Last modified 2022-07-12 15:43:42
#  File has been updated.
#  Successfully updated.
# variable set hash-table stats:
# Load=0/32=0%, Rehash=0, Collisions=0/0=0%
#  commands to execute (from `Makefile', line 69):
	$(CC) $(CFLAGS) $(OBJ_FLAGS) -c $< -o $@
	

# Not a target:
ast/init_ast.c:
#  Implicit rule search has been done.
#  Last modified 2022-07-12 12:54:05
#  File has been updated.
#  Successfully updated.
# variable set hash-table stats:
# Load=0/32=0%, Rehash=0, Collisions=0/0=0%

# Not a target:
utils/ft_strjoin.c:
#  Implicit rule search has been done.
#  Last modified 2022-07-12 12:54:05
#  File has been updated.
#  Successfully updated.
# variable set hash-table stats:
# Load=0/32=0%, Rehash=0, Collisions=0/0=0%

exec.o: exec.c
#  Implicit rule search has been done.
#  Implicit/static pattern stem: `exec'
#  Last modified 2022-07-12 15:43:40
#  File has been updated.
#  Successfully updated.
# variable set hash-table stats:
# Load=0/32=0%, Rehash=0, Collisions=0/0=0%
#  commands to execute (from `Makefile', line 69):
	$(CC) $(CFLAGS) $(OBJ_FLAGS) -c $< -o $@
	

# Not a target:
utils/ft_error.c:
#  Implicit rule search has been done.
#  Last modified 2022-07-12 12:54:05
#  File has been updated.
#  Successfully updated.
# variable set hash-table stats:
# Load=0/32=0%, Rehash=0, Collisions=0/0=0%

# Not a target:
utils/ft_lstadd_back.c:
#  Implicit rule search has been done.
#  Last modified 2022-07-12 12:54:05
#  File has been updated.
#  Successfully updated.
# variable set hash-table stats:
# Load=0/32=0%, Rehash=0, Collisions=0/0=0%

# Not a target:
utils/is_utils_01.o:
#  Implicit rule search has not been done.
#  Modification time never checked.
#  File has not been updated.

builtins/blt_env.o: builtins/blt_env.c
#  Implicit rule search has been done.
#  Implicit/static pattern stem: `builtins/blt_env'
#  Last modified 2022-07-12 15:43:41
#  File has been updated.
#  Successfully updated.
# variable set hash-table stats:
# Load=0/32=0%, Rehash=0, Collisions=0/0=0%
#  commands to execute (from `Makefile', line 69):
	$(CC) $(CFLAGS) $(OBJ_FLAGS) -c $< -o $@
	

# Not a target:
utils/ft_split_str_util.c:
#  Implicit rule search has been done.
#  Last modified 2022-07-12 14:39:00
#  File has been updated.
#  Successfully updated.
# variable set hash-table stats:
# Load=0/32=0%, Rehash=0, Collisions=0/0=0%

# Not a target:
builtins/blt_echo.c:
#  Implicit rule search has been done.
#  Last modified 2022-07-12 12:54:05
#  File has been updated.
#  Successfully updated.
# variable set hash-table stats:
# Load=0/32=0%, Rehash=0, Collisions=0/0=0%

signal.o: signal.c
#  Implicit rule search has been done.
#  Implicit/static pattern stem: `signal'
#  Last modified 2022-07-12 15:43:40
#  File has been updated.
#  Successfully updated.
# variable set hash-table stats:
# Load=0/32=0%, Rehash=0, Collisions=0/0=0%
#  commands to execute (from `Makefile', line 69):
	$(CC) $(CFLAGS) $(OBJ_FLAGS) -c $< -o $@
	

utils/ft_strjoin.o: utils/ft_strjoin.c
#  Implicit rule search has been done.
#  Implicit/static pattern stem: `utils/ft_strjoin'
#  Last modified 2022-07-12 15:43:42
#  File has been updated.
#  Successfully updated.
# variable set hash-table stats:
# Load=0/32=0%, Rehash=0, Collisions=0/0=0%
#  commands to execute (from `Makefile', line 69):
	$(CC) $(CFLAGS) $(OBJ_FLAGS) -c $< -o $@
	

# Not a target:
ast/free_data_ast.c:
#  Implicit rule search has been done.
#  Last modified 2022-07-12 12:54:05
#  File has been updated.
#  Successfully updated.
# variable set hash-table stats:
# Load=0/32=0%, Rehash=0, Collisions=0/0=0%

# Not a target:
utils/exec_utils_02.o:
#  Implicit rule search has not been done.
#  Modification time never checked.
#  File has not been updated.

# Not a target:
utils/remove_ll_element.c:
#  Implicit rule search has been done.
#  Last modified 2022-07-12 14:39:00
#  File has been updated.
#  Successfully updated.
# variable set hash-table stats:
# Load=0/32=0%, Rehash=0, Collisions=0/0=0%

# Not a target:
reset.c:
#  Implicit rule search has been done.
#  Last modified 2022-07-12 12:54:05
#  File has been updated.
#  Successfully updated.
# variable set hash-table stats:
# Load=0/32=0%, Rehash=0, Collisions=0/0=0%

env.o: env.c
#  Implicit rule search has been done.
#  Implicit/static pattern stem: `env'
#  Last modified 2022-07-12 15:43:40
#  File has been updated.
#  Successfully updated.
# variable set hash-table stats:
# Load=0/32=0%, Rehash=0, Collisions=0/0=0%
#  commands to execute (from `Makefile', line 69):
	$(CC) $(CFLAGS) $(OBJ_FLAGS) -c $< -o $@
	

# Not a target:
builtins/blt_export.c:
#  Implicit rule search has been done.
#  Last modified 2022-07-12 14:39:00
#  File has been updated.
#  Successfully updated.
# variable set hash-table stats:
# Load=0/32=0%, Rehash=0, Collisions=0/0=0%

# files hash-table stats:
# Load=132/1024=13%, Rehash=0, Collisions=94/388=24%
# VPATH Search Paths

# No `vpath' search paths.

# No general (`VPATH' variable) search path.

# # of strings in strcache: 1
# # of strcache buffers: 1
# strcache size: total = 4096 / max = 4096 / min = 4096 / avg = 4096
# strcache free: total = 4087 / max = 4087 / min = 4087 / avg = 4087

# Finished Make data base on Tue Jul 12 15:49:56 2022

 
