make all --print-data-base --no-builtin-variables --no-builtin-rules --question
# GNU Make 3.81
# Copyright (C) 2006  Free Software Foundation, Inc.
# This is free software; see the source for copying conditions.
# There is NO warranty; not even for MERCHANTABILITY or FITNESS FOR A
# PARTICULAR PURPOSE.

# This program built for i386-apple-darwin11.3.0
 

# Make data base, printed on Tue Jul 12 19:32:54 2022

# Variables

 
# automatic
<D = $(patsubst %/,%,$(dir $<))
# automatic
?F = $(notdir $?)
# makefile (from `Makefile', line 23)
COMFILE_FLAGS = -lreadline -L${HOME}/.brew/opt/readline/lib
# automatic
?D = $(patsubst %/,%,$(dir $?))
# automatic
@D = $(patsubst %/,%,$(dir $@))
# automatic
@F = $(notdir $@)
# makefile
CURDIR := /Users/yukim/Desktop/220712_afternoon/220712_yukim_hejang
# makefile
SHELL = /bin/sh
# makefile (from `Makefile', line 19)
RM = rm -rf
# environment
VSCODE_NLS_CONFIG = {"locale":"en-us","availableLanguages":{},"_languagePackSupport":true}
# environment
_ = /usr/bin/make
# makefile (from `Makefile', line 20)
CFLAGS = -Wall -Wextra -Werror 
# makefile (from `Makefile', line 26)
AST_SRCS = ast/delete_astnode.c  ast/free_data_ast.c ast/init_ast.c ast/postorder_travel_ast.c ast/postorder_travel_command.c ast/tree_args.c ast/tree_cmd.c ast/tree_reds.c ast/tree_utils.c
# makefile (from `Makefile', line 1)
MAKEFILE_LIST :=  Makefile
# environment
VSCODE_NODE_CACHED_DATA_DIR = /Users/yukim/Library/Application Support/Code/CachedData/6ab598523be7a800d7f3eb4d92d7ab9a66069390
# makefile (from `Makefile', line 24)
OBJ_FLAGS = -I${HOME}/.brew/opt/readline/include
# environment
VERBOSE_LOGGING = true
# environment
VSCODE_LOGS = /Users/yukim/Library/Application Support/Code/logs/20220712T191011
# makefile (from `Makefile', line 61)
OBJS = $(MAIN_OBJS) $(AST_OBJS) $(BLT_OBJS) $(UTILS_OBJS)
# environment
VSCODE_IPC_HOOK_EXTHOST = /var/folders/zz/zyxvpxvq6csfxvn_n000cmhh003544/T/vscode-ipc-e2304d79-dd78-4441-80eb-b2e5b7fe93fa.sock
# makefile (from `Makefile', line 34)
UTILS_SRCS = utils/delete_linked_list.c utils/remove_ll_element.c utils/ft_bzero.c utils/ft_calloc.c utils/ft_error.c utils/ft_lstadd_back.c utils/ft_lstnew.c utils/ft_memset.c utils/ft_itoa.c utils/ft_minishell_atoi.c utils/ft_minishell_split.c utils/ft_split_str_util.c utils/ft_strchr.c utils/ft_strdup.c utils/ft_strjoin.c utils/ft_strlcat.c utils/ft_strlcpy.c utils/ft_strlen.c utils/ft_strncmp.c utils/ft_strnstr.c utils/ft_split.c utils/syntax_utils.c utils/ft_key_len.c utils/remove_quote.c utils/replace_env_utils.c utils/get_len_replaced_str.c utils/replace_env_to_value.c utils/ft_wordcount.c utils/ft_wordcount_utils.c utils/heredoc_utils.c utils/heredoc_utils_02.c utils/exec_utils.c utils/exec_utils_02.c utils/is_utils_01.c utils/is_utils_02.c 
# environment
PATH = /Users/yukim/.brew/bin:/Users/yukim/.brew/bin:/usr/local/bin:/usr/bin:/bin:/usr/sbin:/sbin:/usr/local/munki
# environment
LaunchInstanceID = 3D7F0D4E-6229-422F-BB63-9B1E20BD3C45
# environment
VSCODE_LOG_STACK = false
# environment
ELECTRON_RUN_AS_NODE = 1
# default
.FEATURES := target-specific order-only second-expansion else-if archives jobserver check-symlink
# environment
SSH_AUTH_SOCK = /private/tmp/com.apple.launchd.bsEbAOQhtZ/Listeners
# automatic
%F = $(notdir $%)
# environment
PWD = /Users/yukim/Desktop/220712_afternoon/220712_yukim_hejang
# environment
HOME = /Users/yukim
# default
MAKEFILEPATH := /Applications/Xcode.app/Contents/Developer/Makefiles
# makefile (from `Makefile', line 30)
BLT_SRCS = builtins/blt_cd.c builtins/blt_echo.c builtins/blt_env.c builtins/blt_exit.c builtins/blt_export.c builtins/blt_nanoshell.c builtins/blt_pwd.c builtins/blt_unset.c builtins/blt_utils.c
# environment
LOGNAME = yukim
# environment
APPLICATION_INSIGHTS_NO_DIAGNOSTIC_CHANNEL = true
# environment
VSCODE_HANDLES_UNCAUGHT_ERRORS = true
# automatic
^D = $(patsubst %/,%,$(dir $^))
# environment
XPC_FLAGS = 0x0
# default
MAKE = $(MAKE_COMMAND)
# default
MAKECMDGOALS := all
# environment
SHLVL = 1
# makefile (from `Makefile', line 18)
CC = gcc -g3 -fsanitize=address
# default
MAKE_VERSION := 3.81
# environment
AMD_ENTRYPOINT = vs/workbench/services/extensions/node/extensionHostProcess
# environment
USER = yukim
# makefile
.DEFAULT_GOAL := all
# makefile (from `Makefile', line 56)
MAIN_OBJS = $(MAIN_SRCS:.c=.o)
# makefile (from `Makefile', line 13)
NAME = minishell
# environment
PIPE_LOGGING = true
# automatic
%D = $(patsubst %/,%,$(dir $%))
# default
MAKE_COMMAND := /Applications/Xcode.app/Contents/Developer/usr/bin/make
# default
.VARIABLES := 
# environment
TMPDIR = /var/folders/zz/zyxvpxvq6csfxvn_n000cmhh003544/T/
# automatic
*F = $(notdir $*)
# environment
VSCODE_IPC_HOOK = /Users/yukim/Library/Application Support/Code/1.39.2-main.sock
# makefile
MAKEFLAGS = Rrqp
# environment
MFLAGS = -Rrqp
# automatic
*D = $(patsubst %/,%,$(dir $*))
# environment
XPC_SERVICE_NAME = com.apple.xpc.launchd.oneshot.0x10000011.Electron
# automatic
+D = $(patsubst %/,%,$(dir $+))
# automatic
+F = $(notdir $+)
# makefile (from `Makefile', line 57)
AST_OBJS = $(AST_SRCS:.c=.o)
# environment
 
__CF_USER_TEXT_ENCODING = 0x19484:0x0:0x0
# environment
COMMAND_MODE = unix2003
# default
MAKEFILES := 
# automatic
<F = $(notdir $<)
# environment
LC_ALL = C
# environment
SECURITYSESSIONID = 1870c
# automatic
^F = $(notdir $^)
# makefile (from `Makefile', line 59)
UTILS_OBJS = $(UTILS_SRCS:.c=.o)
# default
SUFFIXES := 
# default
.INCLUDE_DIRS = /usr/local/include
# environment
MAKELEVEL := 0
# makefile (from `Makefile', line 50)
MAIN_SRCS = main.c init.c signal.c reset.c redirections.c heredoc.c token.c lexer.c syntax.c exec.c data.c env.c path.c quote_env.c 
# environment
LANG = C
# makefile (from `Makefile', line 58)
BLT_OBJS = $(BLT_SRCS:.c=.o)
# environment
VSCODE_PID = 56511
# variable set hash-table stats:
# Load=76/1024=7%, Rehash=0, Collisions=8/117=7%

# Pattern-specific Variable Values

# No pattern-specific variable values.

# Directories

# . (device 16777225, inode 5958112): 23 files, no impossibilities.

# 23 files, no impossibilities in 1 directories.

# Implicit Rules

%.o: %.c
#  commands to execute (from `Makefile', line 69):
	$(CC) $(CFLAGS) $(OBJ_FLAGS) -c $< -o $@
	

# 1 implicit rules, 0 (0.0%) terminal.

# Files

# Not a target:
utils/ft_wordcount_utils.o:
#  Implicit rule search has not been done.
#  Modification time never checked.
#  File has not been updated.

# Not a target:
ast/tree_cmd.o:
#  Implicit rule search has not been done.
#  Modification time never checked.
#  File has not been updated.

# Not a target:
utils/is_utils_02.o:
#  Implicit rule search has not been done.
#  Modification time never checked.
#  File has not been updated.

# Not a target:
builtins/blt_pwd.o:
#  Implicit rule search has not been done.
#  Modification time never checked.
#  File has not been updated.

# Not a target:
data.o:
#  Implicit rule search has not been done.
#  Modification time never checked.
#  File has not been updated.

# Not a target:
builtins/blt_unset.o:
#  Implicit rule search has not been done.
#  Modification time never checked.
#  File has not been updated.

# Not a target:
utils/heredoc_utils_02.o:
#  Implicit rule search has not been done.
#  Modification time never checked.
#  File has not been updated.

all: minishell
#  Phony target (prerequisite of .PHONY).
#  Command-line target.
#  Implicit rule search has not been done.
#  File does not exist.
#  File has been updated.
#  Needs to be updated (-q is set).
# variable set hash-table stats:
# Load=0/32=0%, Rehash=0, Collisions=0/6=0%

# Not a target:
utils/ft_calloc.o:
#  Implicit rule search has not been done.
#  Modification time never checked.
#  File has not been updated.

# Not a target:
utils/ft_minishell_split.o:
#  Implicit rule search has not been done.
#  Modification time never checked.
#  File has not been updated.

.PHONY: all clean fclean re
#  Implicit rule search has not been done.
#  Modification time never checked.
#  File has not been updated.

# Not a target:
main.c:
#  Implicit rule search has been done.
#  Last modified 2022-07-12 16:16:27
#  File has been updated.
#  Successfully updated.
# variable set hash-table stats:
# Load=0/32=0%, Rehash=0, Collisions=0/0=0%

# Not a target:
builtins/blt_nanoshell.o:
#  Implicit rule search has not been done.
#  Modification time never checked.
#  File has not been updated.

# Not a target:
utils/replace_env_utils.o:
#  Implicit rule search has not been done.
#  Modification time never checked.
#  File has not been updated.

# Not a target:
ast/tree_args.o:
#  Implicit rule search has not been done.
#  Modification time never checked.
#  File has not been updated.

# Not a target:
ast/tree_utils.o:
#  Implicit rule search has not been done.
#  Modification time never checked.
#  File has not been updated.

# Not a target:
utils/replace_env_to_value.o:
#  Implicit rule search has not been done.
#  Modification time never checked.
#  File has not been updated.

# Not a target:
utils/remove_quote.o:
#  Implicit rule search has not been done.
#  Modification time never checked.
#  File has not been updated.

# Not a target:
utils/ft_strlcpy.o:
#  Implicit rule search has not been done.
#  Modification time never checked.
#  File has not been updated.

# Not a target:
.SUFFIXES:
#  Implicit rule search has not been done.
#  Modification time never checked.
#  File has not been updated.

# Not a target:
utils/ft_strncmp.o:
#  Implicit rule search has not been done.
#  Modification time never checked.
#  File has not been updated.

# Not a target:
Makefile:
#  Implicit rule search has been done.
#  Last modified 2022-07-12 16:16:27
#  File has been updated.
#  Successfully updated.
# variable set hash-table stats:
# Load=0/32=0%, Rehash=0, Collisions=0/0=0%

# Not a target:
utils/ft_strdup.o:
#  Implicit rule search has not been done.
#  Modification time never checked.
#  File has not been updated.

# Not a target:
utils/ft_strchr.o:
#  Implicit rule search has not been done.
#  Modification time never checked.
#  File has not been updated.

# Not a target:
utils/ft_wordcount.o:
#  Implicit rule search has not been done.
#  Modification time never checked.
#  File has not been updated.

# Not a target:
quote_env.o:
#  Implicit rule search has not been done.
#  Modification time never checked.
#  File has not been updated.

# Not a target:
builtins/blt_cd.o:
#  Implicit rule search has not been done.
#  Modification time never checked.
#  File has not been updated.

# Not a target:
utils/ft_strnstr.o:
#  Implicit rule search has not been done.
#  Modification time never checked.
#  File has not been updated.

# Not a target:
redirections.o:
#  Implicit rule search has not been done.
#  Modification time never checked.
#  File has not been updated.

minishell: main.o init.o signal.o reset.o redirections.o heredoc.o token.o lexer.o syntax.o exec.o data.o env.o path.o quote_env.o ast/delete_astnode.o ast/free_data_ast.o ast/init_ast.o ast/postorder_travel_ast.o ast/postorder_travel_command.o ast/tree_args.o ast/tree_cmd.o ast/tree_reds.o ast/tree_utils.o builtins/blt_cd.o builtins/blt_echo.o builtins/blt_env.o builtins/blt_exit.o builtins/blt_export.o builtins/blt_nanoshell.o builtins/blt_pwd.o builtins/blt_unset.o builtins/blt_utils.o utils/delete_linked_list.o utils/remove_ll_element.o utils/ft_bzero.o utils/ft_calloc.o utils/ft_error.o utils/ft_lstadd_back.o utils/ft_lstnew.o utils/ft_memset.o utils/ft_itoa.o utils/ft_minishell_atoi.o utils/ft_minishell_split.o utils/ft_split_str_util.o utils/ft_strchr.o utils/ft_strdup.o utils/ft_strjoin.o utils/ft_strlcat.o utils/ft_strlcpy.o utils/ft_strlen.o utils/ft_strncmp.o utils/ft_strnstr.o utils/ft_split.o utils/syntax_utils.o utils/ft_key_len.o utils/remove_quote.o utils/replace_env_utils.o utils/get_len_replaced_str.o utils/replace_env_to_value.o utils/ft_wordcount.o utils/ft_wordcount_utils.o utils/heredoc_utils.o utils/heredoc_utils_02.o utils/exec_utils.o utils/exec_utils_02.o utils/is_utils_01.o utils/is_utils_02.o
#  Implicit rule search has not been done.
#  File does not exist.
#  File has been updated.
#  Needs to be updated (-q is set).
# variable set hash-table stats:
# Load=0/32=0%, Rehash=0, Collisions=0/6=0%
#  commands to execute (from `Makefile', line 66):
	$(CC) $(CFLAGS) $(COMFILE_FLAGS) $(OBJS) -o $(NAME) 
	

# Not a target:
token.o:
#  Implicit rule search has not been done.
#  Modification time never checked.
#  File has not been updated.

fclean: clean
#  Phony target (prerequisite of .PHONY).
#  Implicit rule search has not been done.
#  File does not exist.
#  File has not been updated.
#  commands to execute (from `Makefile', line 75):
	$(RM) $(NAME)
	

# Not a target:
utils/syntax_utils.o:
#  Implicit rule search has not been done.
#  Modification time never checked.
#  File has not been updated.

# Not a target:
utils/get_len_replaced_str.o:
#  Implicit rule search has not been done.
#  Modification time never checked.
#  File has not been updated.

# Not a target:
utils/ft_key_len.o:
#  Implicit rule search has not been done.
#  Modification time never checked.
#  File has not been updated.

# Not a target:
ast/init_ast.o:
#  Implicit rule search has not been done.
#  Modification time never checked.
 
#  File has not been updated.

# Not a target:
builtins/blt_exit.o:
#  Implicit rule search has not been done.
#  Modification time never checked.
#  File has not been updated.

# Not a target:
utils/ft_error.o:
#  Implicit rule search has not been done.
#  Modification time never checked.
#  File has not been updated.

# Not a target:
utils/ft_lstadd_back.o:
#  Implicit rule search has not been done.
#  Modification time never checked.
#  File has not been updated.

# Not a target:
.DEFAULT:
#  Implicit rule search has not been done.
#  Modification time never checked.
#  File has not been updated.

# Not a target:
utils/ft_split_str_util.o:
#  Implicit rule search has not been done.
#  Modification time never checked.
#  File has not been updated.

# Not a target:
builtins/blt_echo.o:
#  Implicit rule search has not been done.
#  Modification time never checked.
#  File has not been updated.

# Not a target:
utils/remove_ll_element.o:
#  Implicit rule search has not been done.
#  Modification time never checked.
#  File has not been updated.

# Not a target:
utils/exec_utils.o:
#  Implicit rule search has not been done.
#  Modification time never checked.
#  File has not been updated.

# Not a target:
reset.o:
#  Implicit rule search has not been done.
#  Modification time never checked.
#  File has not been updated.

# Not a target:
builtins/blt_export.o:
#  Implicit rule search has not been done.
#  Modification time never checked.
#  File has not been updated.

re: fclean all
#  Phony target (prerequisite of .PHONY).
#  Implicit rule search has not been done.
#  File does not exist.
#  File has not been updated.

# Not a target:
utils/ft_itoa.o:
#  Implicit rule search has not been done.
#  Modification time never checked.
#  File has not been updated.

# Not a target:
utils/ft_strlen.o:
#  Implicit rule search has not been done.
#  Modification time never checked.
#  File has not been updated.

clean:
#  Phony target (prerequisite of .PHONY).
#  Implicit rule search has not been done.
#  File does not exist.
#  File has not been updated.
#  commands to execute (from `Makefile', line 72):
	$(RM) $(OBJS) 
	

# Not a target:
ast/postorder_travel_command.o:
#  Implicit rule search has not been done.
#  Modification time never checked.
#  File has not been updated.

# Not a target:
utils/ft_lstnew.o:
#  Implicit rule search has not been done.
#  Modification time never checked.
#  File has not been updated.

# Not a target:
ast/delete_astnode.o:
#  Implicit rule search has not been done.
#  Modification time never checked.
#  File has not been updated.

# Not a target:
builtins/blt_utils.o:
#  Implicit rule search has not been done.
#  Modification time never checked.
#  File has not been updated.

# Not a target:
utils/ft_memset.o:
#  Implicit rule search has not been done.
#  Modification time never checked.
#  File has not been updated.

# Not a target:
init.o:
#  Implicit rule search has not been done.
#  Modification time never checked.
#  File has not been updated.

# Not a target:
utils/delete_linked_list.o:
#  Implicit rule search has not been done.
#  Modification time never checked.
#  File has not been updated.

# Not a target:
ast/postorder_travel_ast.o:
#  Implicit rule search has not been done.
#  Modification time never checked.
#  File has not been updated.

# Not a target:
heredoc.o:
#  Implicit rule search has not been done.
#  Modification time never checked.
#  File has not been updated.

# Not a target:
syntax.o:
#  Implicit rule search has not been done.
#  Modification time never checked.
#  File has not been updated.

# Not a target:
utils/ft_split.o:
#  Implicit rule search has not been done.
#  Modification time never checked.
#  File has not been updated.

main.o: main.c
#  Implicit rule search has been done.
#  Implicit/static pattern stem: `main'
#  File does not exist.
#  File has been updated.
#  Needs to be updated (-q is set).
# automatic
# @ := main.o
# automatic
# % := 
# automatic
# * := main
# automatic
# + := main.c
# automatic
# | := 
# automatic
# < := main.c
# automatic
# ^ := main.c
# automatic
# ? := main.c
# variable set hash-table stats:
# Load=8/32=25%, Rehash=0, Collisions=4/16=25%
#  commands to execute (from `Makefile', line 69):
	$(CC) $(CFLAGS) $(OBJ_FLAGS) -c $< -o $@
	

# Not a target:
utils/heredoc_utils.o:
#  Implicit rule search has not been done.
#  Modification time never checked.
#  File has not been updated.

# Not a target:
utils/ft_minishell_atoi.o:
#  Implicit rule search has not been done.
#  Modification time never checked.
#  File has not been updated.

# Not a target:
path.o:
#  Implicit rule search has not been done.
#  Modification time never checked.
#  File has not been updated.

# Not a target:
utils/ft_strlcat.o:
#  Implicit rule search has not been done.
#  Modification time never checked.
#  File has not been updated.

# Not a target:
ast/tree_reds.o:
#  Implicit rule search has not been done.
#  Modification time never checked.
#  File has not been updated.

# Not a target:
lexer.o:
#  Implicit rule search has not been done.
#  Modification time never checked.
#  File has not been updated.

# Not a target:
ast/free_data_ast.o:
#  Implicit rule search has not been done.
#  Modification time never checked.
#  File has not been updated.

# Not a target:
utils/ft_bzero.o:
#  Implicit rule search has not been done.
#  Modification time never checked.
#  File has not been updated.

# Not a target:
exec.o:
#  Implicit rule search has not been done.
#  Modification time never checked.
#  File has not been updated.

# Not a target:
utils/is_utils_01.o:
#  Implicit rule search has not been done.
#  Modification time never checked.
#  File has not been updated.

# Not a target:
builtins/blt_env.o:
#  Implicit rule search has not been done.
#  Modification time never checked.
#  File has not been updated.

# Not a target:
signal.o:
#  Implicit rule search has not been done.
#  Modification time never checked.
#  File has not been updated.

# Not a target:
utils/ft_strjoin.o:
#  Implicit rule search has not been done.
#  Modification time never checked.
#  File has not been updated.

# Not a target:
utils/exec_utils_02.o:
#  Implicit rule search has not been done.
#  Modification time never checked.
#  File has not been updated.

# Not a target:
env.o:
#  Implicit rule search has not been done.
#  Modification time never checked.
#  File has not been updated.

# files hash-table stats:
# Load=77/1024=8%, Rehash=0, Collisions=10/168=6%
# VPATH Search Paths

# No `vpath' search paths.

# No general (`VPATH' variable) search path.

# # of strings in strcache: 1
# # of strcache buffers: 1
# strcache size: total = 4096 / max = 4096 / min = 4096 / avg = 4096
# strcache free: total = 4087 / max = 4087 / min = 4087 / avg = 4087

# Finished Make data base on Tue Jul 12 19:32:54 2022

 
